2011-10-11 11:59:38 Error: [MissingControllerException] Controller class UsersController could not be found.
#0 /Users/kyle/Documents/Progress Bar/dev/app/webroot/index.php(96): Dispatcher->dispatch(Object(CakeRequest), Object(CakeResponse))
#1 {main}
2011-10-11 12:03:28 Error: [MissingControllerException] Controller class UsersController could not be found.
#0 /Users/kyle/Documents/Progress Bar/dev/app/webroot/index.php(96): Dispatcher->dispatch(Object(CakeRequest), Object(CakeResponse))
#1 {main}
2011-10-11 12:04:11 Error: [MissingControllerException] Controller class UsersController could not be found.
#0 /Users/kyle/Documents/Progress Bar/dev/app/webroot/index.php(96): Dispatcher->dispatch(Object(CakeRequest), Object(CakeResponse))
#1 {main}
2011-10-11 12:09:39 Error: [MissingControllerException] Controller class UsersController could not be found.
#0 /Users/kyle/Documents/Progress Bar/dev/app/webroot/index.php(96): Dispatcher->dispatch(Object(CakeRequest), Object(CakeResponse))
#1 {main}
2011-10-11 12:12:49 Error: [MissingControllerException] Controller class UsersController could not be found.
#0 /Users/kyle/Documents/Progress Bar/dev/app/webroot/index.php(96): Dispatcher->dispatch(Object(CakeRequest), Object(CakeResponse))
#1 {main}
2011-10-11 16:53:06 Error: [MissingControllerException] Controller class CssController could not be found.
#0 /Users/kyle/Documents/Progress Bar/dev/app/webroot/index.php(96): Dispatcher->dispatch(Object(CakeRequest), Object(CakeResponse))
#1 {main}
2011-10-11 16:55:21 Error: [MissingControllerException] Controller class CssController could not be found.
#0 /Users/kyle/Documents/Progress Bar/dev/app/webroot/index.php(96): Dispatcher->dispatch(Object(CakeRequest), Object(CakeResponse))
#1 {main}
2011-10-11 17:04:34 Error: [MissingControllerException] Controller class CssController could not be found.
#0 /Users/kyle/Documents/Progress Bar/dev/app/webroot/index.php(96): Dispatcher->dispatch(Object(CakeRequest), Object(CakeResponse))
#1 {main}
2011-10-11 17:04:37 Error: [MissingActionException] Action UsersController::users() could not be found.
#0 /Users/kyle/Documents/Progress Bar/dev/lib/Cake/Routing/Dispatcher.php(106): Controller->invokeAction(Object(CakeRequest))
#1 /Users/kyle/Documents/Progress Bar/dev/lib/Cake/Routing/Dispatcher.php(88): Dispatcher->_invoke(Object(UsersController), Object(CakeRequest), Object(CakeResponse))
#2 /Users/kyle/Documents/Progress Bar/dev/app/webroot/index.php(96): Dispatcher->dispatch(Object(CakeRequest), Object(CakeResponse))
#3 {main}
2011-10-11 17:04:37 Error: [MissingControllerException] Controller class CssController could not be found.
#0 /Users/kyle/Documents/Progress Bar/dev/app/webroot/index.php(96): Dispatcher->dispatch(Object(CakeRequest), Object(CakeResponse))
#1 {main}
2011-10-11 17:04:45 Error: [MissingControllerException] Controller class CssController could not be found.
#0 /Users/kyle/Documents/Progress Bar/dev/app/webroot/index.php(96): Dispatcher->dispatch(Object(CakeRequest), Object(CakeResponse))
#1 {main}
2011-10-11 17:04:58 Error: [MissingControllerException] Controller class CssController could not be found.
#0 /Users/kyle/Documents/Progress Bar/dev/app/webroot/index.php(96): Dispatcher->dispatch(Object(CakeRequest), Object(CakeResponse))
#1 {main}
2011-10-11 17:05:34 Error: [MissingControllerException] Controller class CssController could not be found.
#0 /Users/kyle/Documents/Progress Bar/dev/app/webroot/index.php(96): Dispatcher->dispatch(Object(CakeRequest), Object(CakeResponse))
#1 {main}
